<?xml version="1.0" encoding="UTF-8"?>
<testsuite xmlns:xsi="http://www.w3.org/2001/XMLSchema-instance" xsi:noNamespaceSchemaLocation="https://maven.apache.org/surefire/maven-surefire-plugin/xsd/surefire-test-report.xsd" name="com.jinguizi.Test01" time="3.909" tests="2" errors="0" skipped="0" failures="0">
  <properties>
[...]
</properties>
  <testcase name="test03" classname="com.jinguizi.Test01" time="0.136"/>
  <testcase name="test2" classname="com.jinguizi.Test01" time="0.183"/>
</testsuite>